  main.cpp
E:\Files\Programming\VisualStudio\Projects\My-Projects\2Drasterization\2Drasterization\src\main.cpp(30,14): warning C4244: 'initializing': conversion from '_Ty' to 'int', possible loss of data
E:\Files\Programming\VisualStudio\Projects\My-Projects\2Drasterization\2Drasterization\src\main.cpp(30,14): warning C4244:         with
E:\Files\Programming\VisualStudio\Projects\My-Projects\2Drasterization\2Drasterization\src\main.cpp(30,14): warning C4244:         [
E:\Files\Programming\VisualStudio\Projects\My-Projects\2Drasterization\2Drasterization\src\main.cpp(30,14): warning C4244:             _Ty=float
E:\Files\Programming\VisualStudio\Projects\My-Projects\2Drasterization\2Drasterization\src\main.cpp(30,14): warning C4244:         ]
E:\Files\Programming\VisualStudio\Projects\My-Projects\2Drasterization\2Drasterization\src\main.cpp(31,14): warning C4244: 'initializing': conversion from '_Ty' to 'int', possible loss of data
E:\Files\Programming\VisualStudio\Projects\My-Projects\2Drasterization\2Drasterization\src\main.cpp(31,14): warning C4244:         with
E:\Files\Programming\VisualStudio\Projects\My-Projects\2Drasterization\2Drasterization\src\main.cpp(31,14): warning C4244:         [
E:\Files\Programming\VisualStudio\Projects\My-Projects\2Drasterization\2Drasterization\src\main.cpp(31,14): warning C4244:             _Ty=float
E:\Files\Programming\VisualStudio\Projects\My-Projects\2Drasterization\2Drasterization\src\main.cpp(31,14): warning C4244:         ]
E:\Files\Programming\VisualStudio\Projects\My-Projects\2Drasterization\2Drasterization\src\main.cpp(32,14): warning C4244: 'initializing': conversion from '_Ty' to 'int', possible loss of data
E:\Files\Programming\VisualStudio\Projects\My-Projects\2Drasterization\2Drasterization\src\main.cpp(32,14): warning C4244:         with
E:\Files\Programming\VisualStudio\Projects\My-Projects\2Drasterization\2Drasterization\src\main.cpp(32,14): warning C4244:         [
E:\Files\Programming\VisualStudio\Projects\My-Projects\2Drasterization\2Drasterization\src\main.cpp(32,14): warning C4244:             _Ty=float
E:\Files\Programming\VisualStudio\Projects\My-Projects\2Drasterization\2Drasterization\src\main.cpp(32,14): warning C4244:         ]
E:\Files\Programming\VisualStudio\Projects\My-Projects\2Drasterization\2Drasterization\src\main.cpp(33,14): warning C4244: 'initializing': conversion from '_Ty' to 'int', possible loss of data
E:\Files\Programming\VisualStudio\Projects\My-Projects\2Drasterization\2Drasterization\src\main.cpp(33,14): warning C4244:         with
E:\Files\Programming\VisualStudio\Projects\My-Projects\2Drasterization\2Drasterization\src\main.cpp(33,14): warning C4244:         [
E:\Files\Programming\VisualStudio\Projects\My-Projects\2Drasterization\2Drasterization\src\main.cpp(33,14): warning C4244:             _Ty=float
E:\Files\Programming\VisualStudio\Projects\My-Projects\2Drasterization\2Drasterization\src\main.cpp(33,14): warning C4244:         ]
  2Drasterization.vcxproj -> E:\Files\Programming\VisualStudio\Projects\My-Projects\2Drasterization\x64\Debug\2Drasterization.exe
